

Microchip Technology PIC LITE Macro Assembler V1.41 build -162212810 
                                                                                               Thu Mar 23 08:53:37 2017

Microchip Technology Omniscient Code Generator v1.41 (Free mode) build 201701250102
     1                           	processor	16F1824
     2                           	opt	pw 120
     3                           	opt	lm
     4                           	psect	cinit,global,class=CODE,merge=1,delta=2
     5                           	psect	cstackCOMMON,global,class=COMMON,space=1,delta=1
     6                           	psect	maintext,global,class=CODE,merge=1,split=1,delta=2
     7                           	dabs	1,0x7E,2
     8  0000                     
     9                           ; Version 1.41
    10                           ; Generated 25/01/2017 GMT
    11                           ; 
    12                           ; Copyright © 2017, Microchip Technology Inc. and its subsidiaries ("Microchip")
    13                           ; All rights reserved.
    14                           ; 
    15                           ; This software is developed by Microchip Technology Inc. and its subsidiaries ("Microch
      +                          ip").
    16                           ; 
    17                           ; Redistribution and use in source and binary forms, with or without modification, are
    18                           ; permitted provided that the following conditions are met:
    19                           ; 
    20                           ;     1. Redistributions of source code must retain the above copyright notice, this lis
      +                          t of
    21                           ;        conditions and the following disclaimer.
    22                           ; 
    23                           ;     2. Redistributions in binary form must reproduce the above copyright notice, this 
      +                          list
    24                           ;        of conditions and the following disclaimer in the documentation and/or other
    25                           ;        materials provided with the distribution.
    26                           ; 
    27                           ;     3. Microchip's name may not be used to endorse or promote products derived from th
      +                          is
    28                           ;        software without specific prior written permission.
    29                           ; 
    30                           ; THIS SOFTWARE IS PROVIDED BY MICROCHIP "AS IS" AND ANY EXPRESS OR IMPLIED WARRANTIES,
    31                           ; INCLUDING, BUT NOT LIMITED TO, THE IMPLIED WARRANTIES OF MERCHANTABILITY AND FITNESS F
      +                          OR
    32                           ; PURPOSE ARE DISCLAIMED.  IN NO EVENT SHALL MICROCHIP BE LIABLE FOR ANY DIRECT, INDIREC
      +                          T,
    33                           ; INCIDENTAL, SPECIAL, EXEMPLARY, OR CONSEQUENTIAL DAMAGES (INCLUDING BUT NOT LIMITED TO
    34                           ; PROCUREMENT OF SUBSTITUTE GOODS OR SERVICES; LOSS OF USE, DATA OR PROFITS; OR BUSINESS
    35                           ; INTERRUPTION) HOWSOEVER CAUSED AND ON ANY THEORY OF LIABILITY, WHETHER IN CONTRACT, ST
      +                          RICT
    36                           ; LIABILITY, OR TORT (INCLUDING NEGLIGENCE OR OTHERWISE) ARISING IN ANY WAY OUT OF THE U
      +                          SE OF
    37                           ; THIS SOFTWARE, EVEN IF ADVISED OF THE POSSIBILITY OF SUCH DAMAGE.
    38                           ; 
    39                           ; 
    40                           ; Code-generator required, PIC16F1824 Definitions
    41                           ; 
    42                           ; SFR Addresses
    43  0000                     	;# 
    44  0001                     	;# 
    45  0002                     	;# 
    46  0003                     	;# 
    47  0004                     	;# 
    48  0005                     	;# 
    49  0006                     	;# 
    50  0007                     	;# 
    51  0008                     	;# 
    52  0009                     	;# 
    53  000A                     	;# 
    54  000B                     	;# 
    55  000C                     	;# 
    56  000E                     	;# 
    57  0011                     	;# 
    58  0012                     	;# 
    59  0013                     	;# 
    60  0015                     	;# 
    61  0016                     	;# 
    62  0016                     	;# 
    63  0017                     	;# 
    64  0018                     	;# 
    65  0019                     	;# 
    66  001A                     	;# 
    67  001B                     	;# 
    68  001C                     	;# 
    69  001E                     	;# 
    70  001F                     	;# 
    71  008C                     	;# 
    72  008E                     	;# 
    73  0091                     	;# 
    74  0092                     	;# 
    75  0093                     	;# 
    76  0095                     	;# 
    77  0096                     	;# 
    78  0097                     	;# 
    79  0098                     	;# 
    80  0099                     	;# 
    81  009A                     	;# 
    82  009B                     	;# 
    83  009B                     	;# 
    84  009C                     	;# 
    85  009D                     	;# 
    86  009E                     	;# 
    87  010C                     	;# 
    88  010E                     	;# 
    89  0111                     	;# 
    90  0112                     	;# 
    91  0113                     	;# 
    92  0114                     	;# 
    93  0115                     	;# 
    94  0116                     	;# 
    95  0117                     	;# 
    96  0118                     	;# 
    97  0119                     	;# 
    98  011A                     	;# 
    99  011B                     	;# 
   100  011D                     	;# 
   101  011E                     	;# 
   102  018C                     	;# 
   103  018E                     	;# 
   104  0191                     	;# 
   105  0191                     	;# 
   106  0192                     	;# 
   107  0193                     	;# 
   108  0193                     	;# 
   109  0193                     	;# 
   110  0194                     	;# 
   111  0195                     	;# 
   112  0196                     	;# 
   113  0199                     	;# 
   114  019A                     	;# 
   115  019B                     	;# 
   116  019B                     	;# 
   117  019B                     	;# 
   118  019B                     	;# 
   119  019C                     	;# 
   120  019C                     	;# 
   121  019D                     	;# 
   122  019E                     	;# 
   123  019F                     	;# 
   124  020C                     	;# 
   125  020E                     	;# 
   126  0211                     	;# 
   127  0211                     	;# 
   128  0212                     	;# 
   129  0212                     	;# 
   130  0213                     	;# 
   131  0213                     	;# 
   132  0214                     	;# 
   133  0214                     	;# 
   134  0215                     	;# 
   135  0215                     	;# 
   136  0215                     	;# 
   137  0215                     	;# 
   138  0216                     	;# 
   139  0216                     	;# 
   140  0217                     	;# 
   141  0217                     	;# 
   142  0291                     	;# 
   143  0291                     	;# 
   144  0292                     	;# 
   145  0293                     	;# 
   146  0294                     	;# 
   147  0295                     	;# 
   148  0295                     	;# 
   149  0296                     	;# 
   150  0298                     	;# 
   151  0298                     	;# 
   152  0299                     	;# 
   153  029A                     	;# 
   154  029B                     	;# 
   155  029C                     	;# 
   156  029D                     	;# 
   157  029E                     	;# 
   158  029E                     	;# 
   159  0311                     	;# 
   160  0311                     	;# 
   161  0312                     	;# 
   162  0313                     	;# 
   163  0318                     	;# 
   164  0318                     	;# 
   165  0319                     	;# 
   166  031A                     	;# 
   167  038C                     	;# 
   168  038E                     	;# 
   169  0391                     	;# 
   170  0392                     	;# 
   171  0393                     	;# 
   172  039A                     	;# 
   173  039C                     	;# 
   174  039D                     	;# 
   175  039E                     	;# 
   176  039F                     	;# 
   177  0415                     	;# 
   178  0416                     	;# 
   179  0417                     	;# 
   180  041C                     	;# 
   181  041D                     	;# 
   182  041E                     	;# 
   183  0FE4                     	;# 
   184  0FE5                     	;# 
   185  0FE6                     	;# 
   186  0FE7                     	;# 
   187  0FE8                     	;# 
   188  0FE9                     	;# 
   189  0FEA                     	;# 
   190  0FEB                     	;# 
   191  0FED                     	;# 
   192  0FEE                     	;# 
   193  0FEF                     	;# 
   194  0000                     	;# 
   195  0001                     	;# 
   196  0002                     	;# 
   197  0003                     	;# 
   198  0004                     	;# 
   199  0005                     	;# 
   200  0006                     	;# 
   201  0007                     	;# 
   202  0008                     	;# 
   203  0009                     	;# 
   204  000A                     	;# 
   205  000B                     	;# 
   206  000C                     	;# 
   207  000E                     	;# 
   208  0011                     	;# 
   209  0012                     	;# 
   210  0013                     	;# 
   211  0015                     	;# 
   212  0016                     	;# 
   213  0016                     	;# 
   214  0017                     	;# 
   215  0018                     	;# 
   216  0019                     	;# 
   217  001A                     	;# 
   218  001B                     	;# 
   219  001C                     	;# 
   220  001E                     	;# 
   221  001F                     	;# 
   222  008C                     	;# 
   223  008E                     	;# 
   224  0091                     	;# 
   225  0092                     	;# 
   226  0093                     	;# 
   227  0095                     	;# 
   228  0096                     	;# 
   229  0097                     	;# 
   230  0098                     	;# 
   231  0099                     	;# 
   232  009A                     	;# 
   233  009B                     	;# 
   234  009B                     	;# 
   235  009C                     	;# 
   236  009D                     	;# 
   237  009E                     	;# 
   238  010C                     	;# 
   239  010E                     	;# 
   240  0111                     	;# 
   241  0112                     	;# 
   242  0113                     	;# 
   243  0114                     	;# 
   244  0115                     	;# 
   245  0116                     	;# 
   246  0117                     	;# 
   247  0118                     	;# 
   248  0119                     	;# 
   249  011A                     	;# 
   250  011B                     	;# 
   251  011D                     	;# 
   252  011E                     	;# 
   253  018C                     	;# 
   254  018E                     	;# 
   255  0191                     	;# 
   256  0191                     	;# 
   257  0192                     	;# 
   258  0193                     	;# 
   259  0193                     	;# 
   260  0193                     	;# 
   261  0194                     	;# 
   262  0195                     	;# 
   263  0196                     	;# 
   264  0199                     	;# 
   265  019A                     	;# 
   266  019B                     	;# 
   267  019B                     	;# 
   268  019B                     	;# 
   269  019B                     	;# 
   270  019C                     	;# 
   271  019C                     	;# 
   272  019D                     	;# 
   273  019E                     	;# 
   274  019F                     	;# 
   275  020C                     	;# 
   276  020E                     	;# 
   277  0211                     	;# 
   278  0211                     	;# 
   279  0212                     	;# 
   280  0212                     	;# 
   281  0213                     	;# 
   282  0213                     	;# 
   283  0214                     	;# 
   284  0214                     	;# 
   285  0215                     	;# 
   286  0215                     	;# 
   287  0215                     	;# 
   288  0215                     	;# 
   289  0216                     	;# 
   290  0216                     	;# 
   291  0217                     	;# 
   292  0217                     	;# 
   293  0291                     	;# 
   294  0291                     	;# 
   295  0292                     	;# 
   296  0293                     	;# 
   297  0294                     	;# 
   298  0295                     	;# 
   299  0295                     	;# 
   300  0296                     	;# 
   301  0298                     	;# 
   302  0298                     	;# 
   303  0299                     	;# 
   304  029A                     	;# 
   305  029B                     	;# 
   306  029C                     	;# 
   307  029D                     	;# 
   308  029E                     	;# 
   309  029E                     	;# 
   310  0311                     	;# 
   311  0311                     	;# 
   312  0312                     	;# 
   313  0313                     	;# 
   314  0318                     	;# 
   315  0318                     	;# 
   316  0319                     	;# 
   317  031A                     	;# 
   318  038C                     	;# 
   319  038E                     	;# 
   320  0391                     	;# 
   321  0392                     	;# 
   322  0393                     	;# 
   323  039A                     	;# 
   324  039C                     	;# 
   325  039D                     	;# 
   326  039E                     	;# 
   327  039F                     	;# 
   328  0415                     	;# 
   329  0416                     	;# 
   330  0417                     	;# 
   331  041C                     	;# 
   332  041D                     	;# 
   333  041E                     	;# 
   334  0FE4                     	;# 
   335  0FE5                     	;# 
   336  0FE6                     	;# 
   337  0FE7                     	;# 
   338  0FE8                     	;# 
   339  0FE9                     	;# 
   340  0FEA                     	;# 
   341  0FEB                     	;# 
   342  0FED                     	;# 
   343  0FEE                     	;# 
   344  0FEF                     	;# 
   345  008D                     _RCIF	set	141
   346  019A                     _TXREG	set	410
   347  0199                     _RCREG	set	409
   348  019B                     _SPBRG	set	411
   349  0CF1                     _TRMT	set	3313
   350  0CF5                     _TXEN	set	3317
   351  0CEC                     _CREN	set	3308
   352  0CEF                     _SPEN	set	3311
   353  0CF4                     _SYNC	set	3316
   354  0CF2                     _BRGH	set	3314
   355                           
   356                           	psect	cinit
   357  07FD                     start_initialization:	
   358                           ; #config settings
   359                           
   360  07FD                     __initialization:	
   361  07FD                     end_of_initialization:	
   362                           ;End of C runtime variable initialization code
   363                           
   364  07FD                     __end_of__initialization:	
   365  07FD  0020               	movlb	0
   366  07FE  3187  2FFB         	ljmp	_main	;jump to C main() function
   367                           
   368                           	psect	cstackCOMMON
   369  0000                     __pcstackCOMMON:	
   370  0000                     ?_main:	
   371  0000                     ??_main:	
   372                           ; 1 bytes @ 0x0
   373                           
   374                           
   375                           	psect	maintext
   376  07FB                     __pmaintext:	
   377                           ; 1 bytes @ 0x0
   378 ;;
   379 ;;Main: autosize = 0, tempsize = 0, incstack = 0, save=0
   380 ;;
   381 ;; *************** function _main *****************
   382 ;; Defined at:
   383 ;;		line 11 in file "RS232/main.c"
   384 ;; Parameters:    Size  Location     Type
   385 ;;		None
   386 ;; Auto vars:     Size  Location     Type
   387 ;;		None
   388 ;; Return value:  Size  Location     Type
   389 ;;                  1    wreg      void 
   390 ;; Registers used:
   391 ;;		None
   392 ;; Tracked objects:
   393 ;;		On entry : B1F/0
   394 ;;		On exit  : 0/0
   395 ;;		Unchanged: 0/0
   396 ;; Data sizes:     COMMON   BANK0   BANK1   BANK2
   397 ;;      Params:         0       0       0       0
   398 ;;      Locals:         0       0       0       0
   399 ;;      Temps:          0       0       0       0
   400 ;;      Totals:         0       0       0       0
   401 ;;Total ram usage:        0 bytes
   402 ;; This function calls:
   403 ;;		Nothing
   404 ;; This function is called by:
   405 ;;		Startup code after reset
   406 ;; This function uses a non-reentrant model
   407 ;;
   408                           
   409                           
   410                           ;psect for function _main
   411  07FB                     _main:	
   412                           
   413                           ;main.c: 12: return;
   414                           
   415                           ;incstack = 0
   416                           ; Regs used in _main: []
   417  07FB  3180  2802         	ljmp	start
   418  07FD                     __end_of_main:	
   419  007E                     btemp	set	126	;btemp
   420  007E                     wtemp0	set	126


Data Sizes:
    Strings     0
    Constant    0
    Data        0
    BSS         0
    Persistent  0
    Stack       0

Auto Spaces:
    Space          Size  Autos    Used
    COMMON           14      0       0
    BANK0            80      0       0
    BANK1            80      0       0
    BANK2            80      0       0

Pointer List with Targets:

    None.

Critical Paths under _main in COMMON

    None.

Critical Paths under _main in BANK0

    None.

Critical Paths under _main in BANK1

    None.

Critical Paths under _main in BANK2

    None.

Call Graph Tables:

 ---------------------------------------------------------------------------------
 (Depth) Function   	        Calls       Base Space   Used Autos Params    Refs
 ---------------------------------------------------------------------------------
 (0) _main                                                 0     0      0       0
 ---------------------------------------------------------------------------------
 Estimated maximum stack depth 0
 ---------------------------------------------------------------------------------

 Call Graph Graphs:

 _main (ROOT)

 Address spaces:
Name               Size   Autos  Total    Cost      Usage
BIGRAM              F0      0       0       0        0.0%
EEDATA             100      0       0       0        0.0%
NULL                 0      0       0       0        0.0%
CODE                 0      0       0       0        0.0%
BITCOMMON            E      0       0       1        0.0%
BITSFR0              0      0       0       1        0.0%
SFR0                 0      0       0       1        0.0%
COMMON               E      0       0       2        0.0%
BITSFR1              0      0       0       2        0.0%
SFR1                 0      0       0       2        0.0%
BITSFR2              0      0       0       3        0.0%
SFR2                 0      0       0       3        0.0%
STACK                0      0       0       3        0.0%
BITSFR3              0      0       0       4        0.0%
SFR3                 0      0       0       4        0.0%
ABS                  0      0       0       4        0.0%
BITBANK0            50      0       0       5        0.0%
BITSFR4              0      0       0       5        0.0%
SFR4                 0      0       0       5        0.0%
BANK0               50      0       0       6        0.0%
BITSFR5              0      0       0       6        0.0%
SFR5                 0      0       0       6        0.0%
BITBANK1            50      0       0       7        0.0%
BITSFR6              0      0       0       7        0.0%
SFR6                 0      0       0       7        0.0%
BANK1               50      0       0       8        0.0%
BITSFR7              0      0       0       8        0.0%
SFR7                 0      0       0       8        0.0%
BITBANK2            50      0       0       9        0.0%
BITSFR8              0      0       0       9        0.0%
SFR8                 0      0       0       9        0.0%
BANK2               50      0       0      10        0.0%
BITSFR9              0      0       0      10        0.0%
SFR9                 0      0       0      10        0.0%
BITSFR10             0      0       0      11        0.0%
SFR10                0      0       0      11        0.0%
DATA                 0      0       0      11        0.0%
BITSFR11             0      0       0      12        0.0%
SFR11                0      0       0      12        0.0%
BITSFR12             0      0       0      13        0.0%
SFR12                0      0       0      13        0.0%
BITSFR13             0      0       0      14        0.0%
SFR13                0      0       0      14        0.0%
BITSFR14             0      0       0      15        0.0%
SFR14                0      0       0      15        0.0%
BITSFR15             0      0       0      16        0.0%
SFR15                0      0       0      16        0.0%
BITSFR16             0      0       0      17        0.0%
SFR16                0      0       0      17        0.0%
BITSFR17             0      0       0      18        0.0%
SFR17                0      0       0      18        0.0%
BITSFR18             0      0       0      19        0.0%
SFR18                0      0       0      19        0.0%
BITSFR19             0      0       0      20        0.0%
SFR19                0      0       0      20        0.0%
BITSFR20             0      0       0      21        0.0%
SFR20                0      0       0      21        0.0%
BITSFR21             0      0       0      22        0.0%
SFR21                0      0       0      22        0.0%
BITSFR22             0      0       0      23        0.0%
SFR22                0      0       0      23        0.0%
BITSFR23             0      0       0      24        0.0%
SFR23                0      0       0      24        0.0%
BITSFR24             0      0       0      25        0.0%
SFR24                0      0       0      25        0.0%
BITSFR25             0      0       0      26        0.0%
SFR25                0      0       0      26        0.0%
BITSFR26             0      0       0      27        0.0%
SFR26                0      0       0      27        0.0%
BITSFR27             0      0       0      28        0.0%
SFR27                0      0       0      28        0.0%
BITSFR28             0      0       0      29        0.0%
SFR28                0      0       0      29        0.0%
BITSFR29             0      0       0      30        0.0%
SFR29                0      0       0      30        0.0%
BITSFR30             0      0       0      31        0.0%
SFR30                0      0       0      31        0.0%
BITSFR31             0      0       0      32        0.0%
SFR31                0      0       0      32        0.0%


Microchip Technology PIC Macro Assembler V1.41 build -162212810 
Symbol Table                                                                                   Thu Mar 23 08:53:37 2017

                   _BRGH 0CF2                     _CREN 0CEC                     _RCIF 008D  
                   _SPEN 0CEF                     _TRMT 0CF1                     _TXEN 0CF5  
                   _SYNC 0CF4                     _main 07FB                     btemp 007E  
                   start 0002                    ?_main 0000                    _RCREG 0199  
                  _SPBRG 019B                    _TXREG 019A                    wtemp0 007E  
        __initialization 07FD             __end_of_main 07FD                   ??_main 0000  
__end_of__initialization 07FD           __pcstackCOMMON 0000               __pmaintext 07FB  
   end_of_initialization 07FD      start_initialization 07FD                ___latbits 0001  
          __size_of_main 0002  
